2025-04-16 00:34:20,459 - INFO - ================================================================================
2025-04-16 00:34:20,459 - INFO - BORTAL Database Update - Started at 2025-04-16 00:34:20.459899
2025-04-16 00:34:20,459 - INFO - ================================================================================
2025-04-16 00:34:20,460 - INFO - Starting load_data...
2025-04-16 00:34:20,460 - ERROR - ❌ load_data failed after 0.00 seconds: Unknown command: 'load_data'
2025-04-16 00:34:20,461 - INFO - Starting load_indices...
2025-04-16 00:34:20,461 - ERROR - ❌ load_indices failed after 0.00 seconds: Unknown command: 'load_indices'
2025-04-16 00:34:20,461 - INFO - Starting load_index_prices...
2025-04-16 00:34:20,461 - ERROR - ❌ load_index_prices failed after 0.00 seconds: Unknown command: 'load_index_prices'
2025-04-16 00:34:20,461 - INFO - Starting load_stock_data...
2025-04-16 00:34:20,461 - ERROR - ❌ load_stock_data failed after 0.00 seconds: Unknown command: 'load_stock_data'
2025-04-16 00:34:20,461 - INFO - Starting fetch_news...
2025-04-16 00:34:20,461 - ERROR - ❌ fetch_news failed after 0.00 seconds: Unknown command: 'fetch_news'
2025-04-16 00:34:20,461 - INFO - Starting calculate_portfolio_holdings...
2025-04-16 00:34:20,461 - ERROR - ❌ calculate_portfolio_holdings failed after 0.00 seconds: Unknown command: 'calculate_portfolio_holdings'
2025-04-16 00:34:20,461 - INFO - Starting portfolio_performance...
2025-04-16 00:34:20,461 - ERROR - ❌ portfolio_performance failed after 0.00 seconds: Unknown command: 'portfolio_performance'
2025-04-16 00:34:20,461 - INFO - Starting stock_correlations...
2025-04-16 00:34:20,461 - ERROR - ❌ stock_correlations failed after 0.00 seconds: Unknown command: 'stock_correlations'
2025-04-16 00:34:20,461 - INFO - Starting setup_user_defaults...
2025-04-16 00:34:20,461 - ERROR - ❌ setup_user_defaults failed after 0.00 seconds: Unknown command: 'setup_user_defaults'
2025-04-16 00:34:20,461 - INFO - ================================================================================
2025-04-16 00:34:20,461 - INFO - BORTAL Database Update - Completed in 0.00 seconds
2025-04-16 00:34:20,461 - INFO - ================================================================================
2025-04-16 00:35:12,352 - INFO - ================================================================================
2025-04-16 00:35:12,352 - INFO - BORTAL Database Update - Started at 2025-04-16 00:35:12.352918
2025-04-16 00:35:12,352 - INFO - ================================================================================
2025-04-16 00:35:12,353 - INFO - Starting load_data...
2025-04-16 00:35:12,354 - ERROR - ❌ load_data failed after 0.00 seconds: Unknown command: 'load_data'
2025-04-16 00:35:12,354 - INFO - Starting load_indices...
2025-04-16 00:35:12,354 - ERROR - ❌ load_indices failed after 0.00 seconds: Unknown command: 'load_indices'
2025-04-16 00:35:12,354 - INFO - Starting load_index_prices...
2025-04-16 00:35:12,354 - ERROR - ❌ load_index_prices failed after 0.00 seconds: Unknown command: 'load_index_prices'
2025-04-16 00:35:12,354 - INFO - Starting load_stock_data...
2025-04-16 00:35:12,354 - ERROR - ❌ load_stock_data failed after 0.00 seconds: Unknown command: 'load_stock_data'
2025-04-16 00:35:12,354 - INFO - Starting fetch_news...
2025-04-16 00:35:12,354 - ERROR - ❌ fetch_news failed after 0.00 seconds: Unknown command: 'fetch_news'
2025-04-16 00:35:12,354 - INFO - Starting calculate_portfolio_holdings...
2025-04-16 00:35:12,354 - ERROR - ❌ calculate_portfolio_holdings failed after 0.00 seconds: Unknown command: 'calculate_portfolio_holdings'
2025-04-16 00:35:12,354 - INFO - Starting portfolio_performance...
2025-04-16 00:35:12,354 - ERROR - ❌ portfolio_performance failed after 0.00 seconds: Unknown command: 'portfolio_performance'
2025-04-16 00:35:12,354 - INFO - Starting stock_correlations...
2025-04-16 00:35:12,354 - ERROR - ❌ stock_correlations failed after 0.00 seconds: Unknown command: 'stock_correlations'
2025-04-16 00:35:12,354 - INFO - Starting setup_user_defaults...
2025-04-16 00:35:12,354 - ERROR - ❌ setup_user_defaults failed after 0.00 seconds: Unknown command: 'setup_user_defaults'
2025-04-16 00:35:12,354 - INFO - ================================================================================
2025-04-16 00:35:12,354 - INFO - BORTAL Database Update - Completed in 0.00 seconds
2025-04-16 00:35:12,354 - INFO - ================================================================================
